This is pdfTeX, Version 3.14159265-2.6-1.40.21 (TeX Live 2020/W32TeX) (preloaded format=pdflatex 2020.7.27)  29 JUL 2020 09:52
entering extended mode
 restricted \write18 enabled.
 %&-line parsing enabled.
**StatsMedExample.tex
(./StatsMedExample.tex
LaTeX2e <2020-02-02> patch level 5
L3 programming layer <2020-07-17> (./WileyNJD-v2.cls
Document Class: WileyNJD-v2 2017/06/23 v0.2 Standard LaTeX document class for J
ournal
\job@temptoken=\toks15

(c:/Users/a.buritica/AppData/Roaming/TinyTeX/texmf-dist/tex/latex/base/article.
cls
Document Class: article 2019/12/20 v1.4l Standard LaTeX document class

(c:/Users/a.buritica/AppData/Roaming/TinyTeX/texmf-dist/tex/latex/base/fleqn.cl
o
File: fleqn.clo 2016/12/29 v1.2b Standard LaTeX option (flush left equations)
\mathindent=\dimen134
Applying: [2015/01/01] Make \[ robust on input line 50.
LaTeX Info: Redefining \[ on input line 51.
Already applied: [0000/00/00] Make \[ robust on input line 62.
Applying: [2015/01/01] Make \] robust on input line 74.
LaTeX Info: Redefining \] on input line 75.
Already applied: [0000/00/00] Make \] robust on input line 83.
)
(c:/Users/a.buritica/AppData/Roaming/TinyTeX/texmf-dist/tex/latex/base/size10.c
lo
File: size10.clo 2019/12/20 v1.4l Standard LaTeX file (size option)
)
\c@part=\count168
\c@section=\count169
\c@subsection=\count170
\c@subsubsection=\count171
\c@paragraph=\count172
\c@subparagraph=\count173
\c@figure=\count174
\c@table=\count175
\abovecaptionskip=\skip47
\belowcaptionskip=\skip48
\bibindent=\dimen135
)
(c:/Users/a.buritica/AppData/Roaming/TinyTeX/texmf-dist/tex/latex/etex-pkg/etex
.sty
Package: etex 2016/08/01 v2.7 eTeX basic definition package (PEB,DPC)
\et@xins=\count176
)
(c:/Users/a.buritica/AppData/Roaming/TinyTeX/texmf-dist/tex/latex/graphics/grap
hicx.sty
Package: graphicx 2019/11/30 v1.2a Enhanced LaTeX Graphics (DPC,SPQR)

(c:/Users/a.buritica/AppData/Roaming/TinyTeX/texmf-dist/tex/latex/graphics/keyv
al.sty
Package: keyval 2014/10/28 v1.15 key=value parser (DPC)
\KV@toks@=\toks16
)
(c:/Users/a.buritica/AppData/Roaming/TinyTeX/texmf-dist/tex/latex/graphics/grap
hics.sty
Package: graphics 2019/11/30 v1.4a Standard LaTeX Graphics (DPC,SPQR)

(c:/Users/a.buritica/AppData/Roaming/TinyTeX/texmf-dist/tex/latex/graphics/trig
.sty
Package: trig 2016/01/03 v1.10 sin cos tan (DPC)
)
(c:/Users/a.buritica/AppData/Roaming/TinyTeX/texmf-dist/tex/latex/graphics-cfg/
graphics.cfg
File: graphics.cfg 2016/06/04 v1.11 sample graphics configuration
)
Package graphics Info: Driver file: pdftex.def on input line 105.

(c:/Users/a.buritica/AppData/Roaming/TinyTeX/texmf-dist/tex/latex/graphics-def/
pdftex.def
File: pdftex.def 2018/01/08 v1.0l Graphics/color driver for pdftex
))
\Gin@req@height=\dimen136
\Gin@req@width=\dimen137
)
(c:/Users/a.buritica/AppData/Roaming/TinyTeX/texmf-dist/tex/latex/tools/multico
l.sty
Package: multicol 2019/12/09 v1.8y multicolumn formatting (FMi)
Normal \count register pool exhausted, switching to extended pool.
\c@tracingmulticols=\count277
\mult@box=\box45
\multicol@leftmargin=\dimen138
\c@unbalance=\count278
\c@collectmore=\count279
\doublecol@number=\count280
\multicoltolerance=\count281
\multicolpretolerance=\count282
\full@width=\dimen139
\page@free=\dimen140
\premulticols=\dimen141
\postmulticols=\dimen142
\multicolsep=\skip49
\multicolbaselineskip=\skip50
\partial@page=\box46
\last@line=\box47
\maxbalancingoverflow=\dimen143
\mult@rightbox=\box48
\mult@grightbox=\box49
\mult@gfirstbox=\box50
\mult@firstbox=\box51
\@tempa=\box52
\@tempa=\box53
\@tempa=\box54
\@tempa=\box55
\@tempa=\box56
\@tempa=\box57
\@tempa=\box58
\@tempa=\box59
\@tempa=\box60
\@tempa=\box61
\@tempa=\box62
\@tempa=\box63
\@tempa=\box64
\@tempa=\box65
\@tempa=\box66
\@tempa=\box67
\@tempa=\box68
\@tempa=\box69
\@tempa=\box70
\@tempa=\box71
\@tempa=\box72
\@tempa=\box73
\@tempa=\box74
\@tempa=\box75
\@tempa=\box76
\@tempa=\box77
\@tempa=\box78
\@tempa=\box79
\@tempa=\box80
\@tempa=\box81
\@tempa=\box82
\@tempa=\box83
\@tempa=\box84
\@tempa=\box85
\@tempa=\box86
\@tempa=\box87
\@tempa=\box88
\c@minrows=\count283
\c@columnbadness=\count284
\c@finalcolumnbadness=\count285
\last@try=\dimen144
\multicolovershoot=\dimen145
\multicolundershoot=\dimen146
\mult@nat@firstbox=\box89
\colbreak@box=\box90
\mc@col@check@num=\count286
)
(c:/Users/a.buritica/AppData/Roaming/TinyTeX/texmf-dist/tex/latex/multirow/mult
irow.sty
Package: multirow 2019/05/31 v2.5 Span multiple rows of a table
\multirow@colwidth=\skip51
\multirow@cntb=\count287
\multirow@dima=\skip52
\bigstrutjot=\dimen147
)
(c:/Users/a.buritica/AppData/Roaming/TinyTeX/texmf-dist/tex/latex/sttools/cuted
.sty
Package: cuted 2012/10/04 v1.5 Mixing onecolumn and twocolumn modes
\At@ViperColsBreak=\toks17
\v@aaa=\box91
\v@ccc=\box92
\lastskip@a=\skip53
\lastskip@b=\skip54
\lastskip@d=\skip55
\lastbox@a=\box93
\stripsep=\skip56
\@viper=\box94
\viper@penalty=\count288
\hold@viper=\box95
\ht@viper=\dimen148
)
(c:/Users/a.buritica/AppData/Roaming/TinyTeX/texmf-dist/tex/generic/iftex/ifpdf
.sty
Package: ifpdf 2019/10/25 v3.4 ifpdf legacy package. Use iftex instead.

(c:/Users/a.buritica/AppData/Roaming/TinyTeX/texmf-dist/tex/generic/iftex/iftex
.sty
Package: iftex 2020/03/06 v1.0d TeX engine tests
)) (c:/Users/a.buritica/AppData/Roaming/TinyTeX/texmf-dist/tex/latex/url/url.st
y
\Urlmuskip=\muskip16
Package: url 2013/09/16  ver 3.4  Verb mode for urls, etc.
)
(c:/Users/a.buritica/AppData/Roaming/TinyTeX/texmf-dist/tex/latex/changepage/ch
angepage.sty
Package: changepage 2009/10/20 v1.0c check page and change page layout
\c@cp@cntr=\count289
\cp@tempcnt=\count290
)
(c:/Users/a.buritica/AppData/Roaming/TinyTeX/texmf-dist/tex/latex/tools/calc.st
y
Package: calc 2017/05/25 v4.3 Infix arithmetic (KKT,FJ)
\calc@Acount=\count291
\calc@Bcount=\count292
\calc@Adimen=\dimen149
\calc@Bdimen=\dimen150
\calc@Askip=\skip57
\calc@Bskip=\skip58
LaTeX Info: Redefining \setlength on input line 80.
LaTeX Info: Redefining \addtolength on input line 81.
\calc@Ccount=\count293
\calc@Cskip=\skip59
)
(c:/Users/a.buritica/AppData/Roaming/TinyTeX/texmf-dist/tex/latex/xcolor/xcolor
.sty
Package: xcolor 2016/05/11 v2.12 LaTeX color extensions (UK)

(c:/Users/a.buritica/AppData/Roaming/TinyTeX/texmf-dist/tex/latex/graphics-cfg/
color.cfg
File: color.cfg 2016/01/02 v1.6 sample color configuration
)
Package xcolor Info: Driver file: pdftex.def on input line 225.
Package xcolor Info: Model `cmy' substituted by `cmy0' on input line 1348.
Package xcolor Info: Model `hsb' substituted by `rgb' on input line 1352.
Package xcolor Info: Model `RGB' extended on input line 1364.
Package xcolor Info: Model `HTML' substituted by `rgb' on input line 1366.
Package xcolor Info: Model `Hsb' substituted by `hsb' on input line 1367.
Package xcolor Info: Model `tHsb' substituted by `hsb' on input line 1368.
Package xcolor Info: Model `HSB' substituted by `hsb' on input line 1369.
Package xcolor Info: Model `Gray' substituted by `gray' on input line 1370.
Package xcolor Info: Model `wave' substituted by `hsb' on input line 1371.
)
(c:/Users/a.buritica/AppData/Roaming/TinyTeX/texmf-dist/tex/latex/float/float.s
ty
Package: float 2001/11/08 v1.3d Float enhancements (AL)
\c@float@type=\count294
\float@exts=\toks18
\float@box=\box96
\@float@everytoks=\toks19
\@floatcapt=\box97
)
(c:/Users/a.buritica/AppData/Roaming/TinyTeX/texmf-dist/tex/latex/sttools/float
pag.sty
Package: floatpag 2012/05/29 v1.1 Different pagestyles on float pages
Package: floatpag 1999/04/29 FLOAT PAGESTYLE
)
(c:/Users/a.buritica/AppData/Roaming/TinyTeX/texmf-dist/tex/latex/dblfloatfix/d
blfloatfix.sty
Package: dblfloatfix 2012/12/31 v1.0a (JAW)

(c:/Users/a.buritica/AppData/Roaming/TinyTeX/texmf-dist/tex/latex/base/fixltx2e
.sty
Package: fixltx2e 2016/12/29 v2.1a fixes to LaTeX (obsolete)
Applying: [2015/01/01] Old fixltx2e package on input line 46.

Package fixltx2e Warning: fixltx2e is not required with releases after 2015
(fixltx2e)                All fixes are now in the LaTeX kernel.
(fixltx2e)                See the latexrelease package for details.

Already applied: [0000/00/00] Old fixltx2e package on input line 53.
)
\@dblbotnum=\count295
\c@dblbotnumber=\count296
)
(c:/Users/a.buritica/AppData/Roaming/TinyTeX/texmf-dist/tex/latex/graphics/rota
ting.sty
Package: rotating 2016/08/11 v2.16d rotated objects in LaTeX

(c:/Users/a.buritica/AppData/Roaming/TinyTeX/texmf-dist/tex/latex/base/ifthen.s
ty
Package: ifthen 2014/09/29 v1.1c Standard LaTeX ifthen package (DPC)
)
\c@r@tfl@t=\count297
\rotFPtop=\skip60
\rotFPbot=\skip61
\rot@float@box=\box98
\rot@mess@toks=\toks20
)

! LaTeX Error: File `ulem.sty' not found.

Type X to quit or <RETURN> to proceed,
or enter new name. (Default extension: sty)

Enter file name: 
! Emergency stop.
<read *> 
         
l.266 \RequirePackage
                     {enumerate}%^^M 
Here is how much of TeX's memory you used:
 2004 strings out of 482854
 27465 string characters out of 5954815
 268820 words of memory out of 5000000
 17354 multiletter control sequences out of 15000+600000
 535088 words of font info for 29 fonts, out of 8000000 for 9000
 14 hyphenation exceptions out of 8191
 44i,0n,41p,238b,36s stack positions out of 5000i,500n,10000p,200000b,80000s

!  ==> Fatal error occurred, no output PDF file produced!
